<?xml version="1.0" encoding="UTF-8" ?>
<testsuite tests="17" failures="0" name="put.ai.games.snort.impl.BoardTest" time="0.13" errors="0" skipped="0">
  <properties>
    <property name="java.runtime.name" value="Java(TM) SE Runtime Environment"/>
    <property name="java.vm.version" value="11.0.1+13-LTS"/>
    <property name="sun.boot.library.path" value="D:\Program Files\Java\jdk-11.0.1\bin"/>
    <property name="maven.multiModuleProjectDirectory" value="C:\Users\Admin\Desktop\Wszystko\Projekty (C)\AI-Snort-Player"/>
    <property name="java.vm.vendor" value="Oracle Corporation"/>
    <property name="java.vendor.url" value="http://java.oracle.com/"/>
    <property name="path.separator" value=";"/>
    <property name="guice.disable.misplaced.annotation.check" value="true"/>
    <property name="java.vm.name" value="Java HotSpot(TM) 64-Bit Server VM"/>
    <property name="user.country" value="PL"/>
    <property name="sun.java.launcher" value="SUN_STANDARD"/>
    <property name="user.script" value=""/>
    <property name="sun.os.patch.level" value=""/>
    <property name="user.dir" value="C:\Users\Admin\Desktop\Wszystko\Projekty (C)\AI-Snort-Player"/>
    <property name="java.vm.compressedOopsMode" value="32-bit"/>
    <property name="java.vm.specification.name" value="Java Virtual Machine Specification"/>
    <property name="java.runtime.version" value="11.0.1+13-LTS"/>
    <property name="java.awt.graphicsenv" value="sun.awt.Win32GraphicsEnvironment"/>
    <property name="os.arch" value="amd64"/>
    <property name="java.io.tmpdir" value="C:\Users\Admin\AppData\Local\Temp\"/>
    <property name="line.separator" value="
"/>
    <property name="java.vm.specification.vendor" value="Oracle Corporation"/>
    <property name="user.variant" value=""/>
    <property name="os.name" value="Windows 10"/>
    <property name="classworlds.conf" value="D:\Program Files\apache-maven-3.6.0\bin\..\bin\m2.conf"/>
    <property name="sun.jnu.encoding" value="Cp1250"/>
    <property name="java.library.path" value="D:\Program Files\Java\jdk-11.0.1\bin;C:\WINDOWS\Sun\Java\bin;C:\WINDOWS\system32;C:\WINDOWS;D:\Program Files\Java\jdk-11.0.1\bin;D:\Program Files\apache-maven-3.6.0\bin;C:\Users\Admin\AppData\Local\Microsoft\WindowsApps;C:\Program Files\Intel\WiFi\bin\;C:\Program Files\Common Files\Intel\WirelessCommon\;;."/>
    <property name="maven.conf" value="D:\Program Files\apache-maven-3.6.0\bin\../conf"/>
    <property name="jdk.debug" value="release"/>
    <property name="java.class.version" value="55.0"/>
    <property name="java.specification.name" value="Java Platform API Specification"/>
    <property name="sun.management.compiler" value="HotSpot 64-Bit Tiered Compilers"/>
    <property name="os.version" value="10.0"/>
    <property name="library.jansi.path" value="D:\Program Files\apache-maven-3.6.0\bin\..\lib\jansi-native"/>
    <property name="user.home" value="C:\Users\Admin"/>
    <property name="user.timezone" value="Europe/Belgrade"/>
    <property name="java.awt.printerjob" value="sun.awt.windows.WPrinterJob"/>
    <property name="file.encoding" value="Cp1250"/>
    <property name="java.specification.version" value="11"/>
    <property name="java.class.path" value="D:\Program Files\apache-maven-3.6.0\bin\..\boot\plexus-classworlds-2.5.2.jar"/>
    <property name="user.name" value="Admin"/>
    <property name="java.vm.specification.version" value="11"/>
    <property name="sun.arch.data.model" value="64"/>
    <property name="sun.java.command" value="org.codehaus.plexus.classworlds.launcher.Launcher package"/>
    <property name="java.home" value="D:\Program Files\Java\jdk-11.0.1"/>
    <property name="user.language" value="pl"/>
    <property name="java.specification.vendor" value="Oracle Corporation"/>
    <property name="awt.toolkit" value="sun.awt.windows.WToolkit"/>
    <property name="java.vm.info" value="mixed mode"/>
    <property name="java.version" value="11.0.1"/>
    <property name="java.vendor" value="Oracle Corporation"/>
    <property name="sun.stderr.encoding" value="cp852"/>
    <property name="maven.home" value="D:\Program Files\apache-maven-3.6.0\bin\.."/>
    <property name="file.separator" value="\"/>
    <property name="java.version.date" value="2018-10-16"/>
    <property name="java.vendor.url.bug" value="http://bugreport.java.com/bugreport/"/>
    <property name="sun.cpu.endian" value="little"/>
    <property name="sun.io.unicode.encoding" value="UnicodeLittle"/>
    <property name="java.vendor.version" value="18.9"/>
    <property name="sun.stdout.encoding" value="cp852"/>
    <property name="sun.desktop" value="windows"/>
    <property name="sun.cpu.isalist" value="amd64"/>
  </properties>
  <testcase classname="put.ai.games.snort.impl.BoardTest" name="equals" time="0.107"/>
  <testcase classname="put.ai.games.snort.impl.BoardTest" name="create" time="0.001"/>
  <testcase classname="put.ai.games.snort.impl.BoardTest" name="swap" time="0.002"/>
  <testcase classname="put.ai.games.snort.impl.BoardTest" name="evenSizedBoard" time="0.001"/>
  <testcase classname="put.ai.games.snort.impl.BoardTest" name="oddSizedBoard" time="0.001"/>
  <testcase classname="put.ai.games.snort.impl.BoardTest" name="cloneTest" time="0.009"/>
  <testcase classname="put.ai.games.snort.impl.BoardTest" name="undo1" time="0.001"/>
  <testcase classname="put.ai.games.snort.impl.BoardTest" name="move_undo" time="0.001"/>
  <testcase classname="put.ai.games.snort.impl.BoardTest" name="can_move" time="0.001"/>
  <testcase classname="put.ai.games.snort.impl.BoardTest" name="move1" time="0"/>
  <testcase classname="put.ai.games.snort.impl.BoardTest" name="move2" time="0"/>
  <testcase classname="put.ai.games.snort.impl.BoardTest" name="generator1" time="0.001"/>
  <testcase classname="put.ai.games.snort.impl.BoardTest" name="generator2" time="0.001"/>
  <testcase classname="put.ai.games.snort.impl.BoardTest" name="move_move" time="0.001"/>
  <testcase classname="put.ai.games.snort.impl.BoardTest" name="undo2" time="0.001"/>
  <testcase classname="put.ai.games.snort.impl.BoardTest" name="dropInTheCenterOfEmptyBoardIsForbidden2" time="0.001"/>
  <testcase classname="put.ai.games.snort.impl.BoardTest" name="dropInTheCenterOfEmptyBoardIsForbidden1" time="0.001"/>
</testsuite>